2022-11-11 00:52:00 - Starting MsFaqApplication using Java 11.0.15 on DESKTOP-O1BCQFG with PID 3408 (D:\Projects\apollo\ms-faq\build\classes\java\main started by iselx in D:\Projects\apollo)
2022-11-11 00:52:00 - The following 2 profiles are active: "db", "logger"
2022-11-11 00:52:01 - Bootstrapping Spring Data JPA repositories in DEFAULT mode.
2022-11-11 00:52:01 - Scanning for JPA repositories in packages com.encom.msfaq.
2022-11-11 00:52:01 - Scanning file [D:\Projects\apollo\ms-faq\build\classes\java\main\com\encom\msfaq\MsFaqApplication.class]
2022-11-11 00:52:01 - Ignored because not matching any filter: file [D:\Projects\apollo\ms-faq\build\classes\java\main\com\encom\msfaq\MsFaqApplication.class]
2022-11-11 00:52:01 - Finished Spring Data repository scanning in 3 ms. Found 0 JPA repository interfaces.
2022-11-11 00:52:01 - Tomcat initialized with port(s): 8080 (http)
2022-11-11 00:52:01 - Starting service [Tomcat]
2022-11-11 00:52:01 - Starting Servlet engine: [Apache Tomcat/9.0.68]
2022-11-11 00:52:01 - Initializing Spring embedded WebApplicationContext
2022-11-11 00:52:01 - Root WebApplicationContext: initialization completed in 1079 ms
2022-11-11 00:52:01 - PersistenceUnitInfo [
	name: default
	persistence provider classname: null
	classloader: jdk.internal.loader.ClassLoaders$AppClassLoader@512ddf17
	excludeUnlistedClasses: true
	JTA datasource: null
	Non JTA datasource: HikariDataSource (null)
	Transaction type: RESOURCE_LOCAL
	PU root URL: file:/D:/Projects/apollo/ms-faq/build/classes/java/main/
	Shared Cache Mode: UNSPECIFIED
	Validation Mode: AUTO
	Jar files URLs []
	Managed classes names []
	Mapping files names []
	Properties []
2022-11-11 00:52:01 - Adding Integrator [org.hibernate.cfg.beanvalidation.BeanValidationIntegrator].
2022-11-11 00:52:01 - Adding Integrator [org.hibernate.secure.spi.JaccIntegrator].
2022-11-11 00:52:01 - Adding Integrator [org.hibernate.cache.internal.CollectionCacheInvalidator].
2022-11-11 00:52:01 - Registering named strategy selector [org.hibernate.resource.transaction.spi.TransactionCoordinatorBuilder] : [jdbc] -> [org.hibernate.resource.transaction.backend.jdbc.internal.JdbcResourceLocalTransactionCoordinatorBuilderImpl]
2022-11-11 00:52:01 - Registering named strategy selector [org.hibernate.resource.transaction.spi.TransactionCoordinatorBuilder] : [jta] -> [org.hibernate.resource.transaction.backend.jta.internal.JtaTransactionCoordinatorBuilderImpl]
2022-11-11 00:52:01 - Registering named strategy selector [org.hibernate.resource.transaction.spi.TransactionCoordinatorBuilder] : [org.hibernate.transaction.JDBCTransactionFactory] -> [org.hibernate.resource.transaction.backend.jdbc.internal.JdbcResourceLocalTransactionCoordinatorBuilderImpl]
2022-11-11 00:52:01 - Registering named strategy selector [org.hibernate.resource.transaction.spi.TransactionCoordinatorBuilder] : [org.hibernate.transaction.JTATransactionFactory] -> [org.hibernate.resource.transaction.backend.jta.internal.JtaTransactionCoordinatorBuilderImpl]
2022-11-11 00:52:01 - Registering named strategy selector [org.hibernate.resource.transaction.spi.TransactionCoordinatorBuilder] : [org.hibernate.transaction.CMTTransactionFactory] -> [org.hibernate.resource.transaction.backend.jta.internal.JtaTransactionCoordinatorBuilderImpl]
2022-11-11 00:52:01 - Registering named strategy selector [org.hibernate.hql.spi.id.MultiTableBulkIdStrategy] : [persistent] -> [org.hibernate.hql.spi.id.persistent.PersistentTableBulkIdStrategy]
2022-11-11 00:52:01 - Registering named strategy selector [org.hibernate.hql.spi.id.MultiTableBulkIdStrategy] : [global_temporary] -> [org.hibernate.hql.spi.id.global.GlobalTemporaryTableBulkIdStrategy]
2022-11-11 00:52:01 - Registering named strategy selector [org.hibernate.hql.spi.id.MultiTableBulkIdStrategy] : [local_temporary] -> [org.hibernate.hql.spi.id.local.LocalTemporaryTableBulkIdStrategy]
2022-11-11 00:52:01 - Registering named strategy selector [org.hibernate.boot.model.naming.ImplicitNamingStrategy] : [default] -> [org.hibernate.boot.model.naming.ImplicitNamingStrategyJpaCompliantImpl]
2022-11-11 00:52:01 - Registering named strategy selector [org.hibernate.boot.model.naming.ImplicitNamingStrategy] : [jpa] -> [org.hibernate.boot.model.naming.ImplicitNamingStrategyJpaCompliantImpl]
2022-11-11 00:52:01 - Registering named strategy selector [org.hibernate.boot.model.naming.ImplicitNamingStrategy] : [legacy-jpa] -> [org.hibernate.boot.model.naming.ImplicitNamingStrategyLegacyJpaImpl]
2022-11-11 00:52:01 - Registering named strategy selector [org.hibernate.boot.model.naming.ImplicitNamingStrategy] : [legacy-hbm] -> [org.hibernate.boot.model.naming.ImplicitNamingStrategyLegacyHbmImpl]
2022-11-11 00:52:01 - Registering named strategy selector [org.hibernate.boot.model.naming.ImplicitNamingStrategy] : [component-path] -> [org.hibernate.boot.model.naming.ImplicitNamingStrategyComponentPathImpl]
2022-11-11 00:52:01 - Registering named strategy selector [org.hibernate.cache.spi.CacheKeysFactory] : [default] -> [org.hibernate.cache.internal.DefaultCacheKeysFactory]
2022-11-11 00:52:01 - Registering named strategy selector [org.hibernate.cache.spi.CacheKeysFactory] : [simple] -> [org.hibernate.cache.internal.SimpleCacheKeysFactory]
2022-11-11 00:52:02 - HHH000412: Hibernate ORM core version 5.6.12.Final
2022-11-11 00:52:02 - HHH000206: hibernate.properties not found
2022-11-11 00:52:02 - Overriding existing service binding [org.hibernate.secure.spi.JaccService]
2022-11-11 00:52:02 - Initializing service [role=org.hibernate.engine.config.spi.ConfigurationService]
2022-11-11 00:52:02 - Initializing service [role=org.hibernate.cache.spi.RegionFactory]
2022-11-11 00:52:02 - Cannot default RegionFactory based on registered strategies as `[]` RegionFactory strategies were registered
2022-11-11 00:52:02 - Cache region factory : org.hibernate.cache.internal.NoCachingRegionFactory
2022-11-11 00:52:02 - HCANN000001: Hibernate Commons Annotations {5.1.2.Final}
2022-11-11 00:52:02 - Adding type registration boolean -> org.hibernate.type.BooleanType@4e3283f6
2022-11-11 00:52:02 - Adding type registration boolean -> org.hibernate.type.BooleanType@4e3283f6
2022-11-11 00:52:02 - Adding type registration java.lang.Boolean -> org.hibernate.type.BooleanType@4e3283f6
2022-11-11 00:52:02 - Adding type registration numeric_boolean -> org.hibernate.type.NumericBooleanType@72224107
2022-11-11 00:52:02 - Adding type registration true_false -> org.hibernate.type.TrueFalseType@52bba91a
2022-11-11 00:52:02 - Adding type registration yes_no -> org.hibernate.type.YesNoType@13004dd8
2022-11-11 00:52:02 - Adding type registration byte -> org.hibernate.type.ByteType@4aa22cc2
2022-11-11 00:52:02 - Adding type registration byte -> org.hibernate.type.ByteType@4aa22cc2
2022-11-11 00:52:02 - Adding type registration java.lang.Byte -> org.hibernate.type.ByteType@4aa22cc2
2022-11-11 00:52:02 - Adding type registration character -> org.hibernate.type.CharacterType@69bc9584
2022-11-11 00:52:02 - Adding type registration char -> org.hibernate.type.CharacterType@69bc9584
2022-11-11 00:52:02 - Adding type registration java.lang.Character -> org.hibernate.type.CharacterType@69bc9584
2022-11-11 00:52:02 - Adding type registration short -> org.hibernate.type.ShortType@45984654
2022-11-11 00:52:02 - Adding type registration short -> org.hibernate.type.ShortType@45984654
2022-11-11 00:52:02 - Adding type registration java.lang.Short -> org.hibernate.type.ShortType@45984654
2022-11-11 00:52:02 - Adding type registration integer -> org.hibernate.type.IntegerType@640c216b
2022-11-11 00:52:02 - Adding type registration int -> org.hibernate.type.IntegerType@640c216b
2022-11-11 00:52:02 - Adding type registration java.lang.Integer -> org.hibernate.type.IntegerType@640c216b
2022-11-11 00:52:02 - Adding type registration long -> org.hibernate.type.LongType@3d40498a
2022-11-11 00:52:02 - Adding type registration long -> org.hibernate.type.LongType@3d40498a
2022-11-11 00:52:02 - Adding type registration java.lang.Long -> org.hibernate.type.LongType@3d40498a
2022-11-11 00:52:02 - Adding type registration float -> org.hibernate.type.FloatType@1de5cc88
2022-11-11 00:52:02 - Adding type registration float -> org.hibernate.type.FloatType@1de5cc88
2022-11-11 00:52:02 - Adding type registration java.lang.Float -> org.hibernate.type.FloatType@1de5cc88
2022-11-11 00:52:02 - Adding type registration double -> org.hibernate.type.DoubleType@59262a90
2022-11-11 00:52:02 - Adding type registration double -> org.hibernate.type.DoubleType@59262a90
2022-11-11 00:52:02 - Adding type registration java.lang.Double -> org.hibernate.type.DoubleType@59262a90
2022-11-11 00:52:02 - Adding type registration big_decimal -> org.hibernate.type.BigDecimalType@c212536
2022-11-11 00:52:02 - Adding type registration java.math.BigDecimal -> org.hibernate.type.BigDecimalType@c212536
2022-11-11 00:52:02 - Adding type registration big_integer -> org.hibernate.type.BigIntegerType@60928a61
2022-11-11 00:52:02 - Adding type registration java.math.BigInteger -> org.hibernate.type.BigIntegerType@60928a61
2022-11-11 00:52:02 - Adding type registration string -> org.hibernate.type.StringType@7e18ced7
2022-11-11 00:52:02 - Adding type registration java.lang.String -> org.hibernate.type.StringType@7e18ced7
2022-11-11 00:52:02 - Adding type registration nstring -> org.hibernate.type.StringNVarcharType@3a0896b3
2022-11-11 00:52:02 - Adding type registration ncharacter -> org.hibernate.type.CharacterNCharType@5cd8d029
2022-11-11 00:52:02 - Adding type registration url -> org.hibernate.type.UrlType@63e4484d
2022-11-11 00:52:02 - Adding type registration java.net.URL -> org.hibernate.type.UrlType@63e4484d
2022-11-11 00:52:02 - Adding type registration Duration -> org.hibernate.type.DurationType@394a6d2b
2022-11-11 00:52:02 - Adding type registration java.time.Duration -> org.hibernate.type.DurationType@394a6d2b
2022-11-11 00:52:02 - Adding type registration Instant -> org.hibernate.type.InstantType@62735b13
2022-11-11 00:52:02 - Adding type registration java.time.Instant -> org.hibernate.type.InstantType@62735b13
2022-11-11 00:52:02 - Adding type registration LocalDateTime -> org.hibernate.type.LocalDateTimeType@66a82a13
2022-11-11 00:52:02 - Adding type registration java.time.LocalDateTime -> org.hibernate.type.LocalDateTimeType@66a82a13
2022-11-11 00:52:02 - Adding type registration LocalDate -> org.hibernate.type.LocalDateType@16a6dc21
2022-11-11 00:52:02 - Adding type registration java.time.LocalDate -> org.hibernate.type.LocalDateType@16a6dc21
2022-11-11 00:52:02 - Adding type registration LocalTime -> org.hibernate.type.LocalTimeType@1c6e3ff9
2022-11-11 00:52:02 - Adding type registration java.time.LocalTime -> org.hibernate.type.LocalTimeType@1c6e3ff9
2022-11-11 00:52:02 - Adding type registration OffsetDateTime -> org.hibernate.type.OffsetDateTimeType@33f4c769
2022-11-11 00:52:02 - Adding type registration java.time.OffsetDateTime -> org.hibernate.type.OffsetDateTimeType@33f4c769
2022-11-11 00:52:02 - Adding type registration OffsetTime -> org.hibernate.type.OffsetTimeType@1c68d0db
2022-11-11 00:52:02 - Adding type registration java.time.OffsetTime -> org.hibernate.type.OffsetTimeType@1c68d0db
2022-11-11 00:52:02 - Adding type registration ZonedDateTime -> org.hibernate.type.ZonedDateTimeType@6ee37ca7
2022-11-11 00:52:02 - Adding type registration java.time.ZonedDateTime -> org.hibernate.type.ZonedDateTimeType@6ee37ca7
2022-11-11 00:52:02 - Adding type registration date -> org.hibernate.type.DateType@15994b0b
2022-11-11 00:52:02 - Adding type registration java.sql.Date -> org.hibernate.type.DateType@15994b0b
2022-11-11 00:52:02 - Adding type registration time -> org.hibernate.type.TimeType@19b9f903
2022-11-11 00:52:02 - Adding type registration java.sql.Time -> org.hibernate.type.TimeType@19b9f903
2022-11-11 00:52:02 - Adding type registration timestamp -> org.hibernate.type.TimestampType@72fb989b
2022-11-11 00:52:02 - Adding type registration java.sql.Timestamp -> org.hibernate.type.TimestampType@72fb989b
2022-11-11 00:52:02 - Adding type registration java.util.Date -> org.hibernate.type.TimestampType@72fb989b
2022-11-11 00:52:02 - Adding type registration dbtimestamp -> org.hibernate.type.DbTimestampType@7cdb7fc
2022-11-11 00:52:02 - Adding type registration calendar -> org.hibernate.type.CalendarType@919086
2022-11-11 00:52:02 - Adding type registration java.util.Calendar -> org.hibernate.type.CalendarType@919086
2022-11-11 00:52:02 - Adding type registration java.util.GregorianCalendar -> org.hibernate.type.CalendarType@919086
2022-11-11 00:52:02 - Adding type registration calendar_date -> org.hibernate.type.CalendarDateType@19705650
2022-11-11 00:52:02 - Adding type registration calendar_time -> org.hibernate.type.CalendarTimeType@6b9697ae
2022-11-11 00:52:02 - Adding type registration locale -> org.hibernate.type.LocaleType@6a6da47a
2022-11-11 00:52:02 - Adding type registration java.util.Locale -> org.hibernate.type.LocaleType@6a6da47a
2022-11-11 00:52:02 - Adding type registration currency -> org.hibernate.type.CurrencyType@3babcaed
2022-11-11 00:52:02 - Adding type registration java.util.Currency -> org.hibernate.type.CurrencyType@3babcaed
2022-11-11 00:52:02 - Adding type registration timezone -> org.hibernate.type.TimeZoneType@653a5967
2022-11-11 00:52:02 - Adding type registration java.util.TimeZone -> org.hibernate.type.TimeZoneType@653a5967
2022-11-11 00:52:02 - Adding type registration class -> org.hibernate.type.ClassType@23ea8830
2022-11-11 00:52:02 - Adding type registration java.lang.Class -> org.hibernate.type.ClassType@23ea8830
2022-11-11 00:52:02 - Adding type registration uuid-binary -> org.hibernate.type.UUIDBinaryType@1a7163e3
2022-11-11 00:52:02 - Adding type registration java.util.UUID -> org.hibernate.type.UUIDBinaryType@1a7163e3
2022-11-11 00:52:02 - Adding type registration uuid-char -> org.hibernate.type.UUIDCharType@2c2e3460
2022-11-11 00:52:02 - Adding type registration binary -> org.hibernate.type.BinaryType@781c2497
2022-11-11 00:52:02 - Adding type registration byte[] -> org.hibernate.type.BinaryType@781c2497
2022-11-11 00:52:02 - Adding type registration [B -> org.hibernate.type.BinaryType@781c2497
2022-11-11 00:52:02 - Adding type registration wrapper-binary -> org.hibernate.type.WrapperBinaryType@1a0f349
2022-11-11 00:52:02 - Adding type registration Byte[] -> org.hibernate.type.WrapperBinaryType@1a0f349
2022-11-11 00:52:02 - Adding type registration [Ljava.lang.Byte; -> org.hibernate.type.WrapperBinaryType@1a0f349
2022-11-11 00:52:02 - Adding type registration row_version -> org.hibernate.type.RowVersionType@239b98cb
2022-11-11 00:52:02 - Adding type registration image -> org.hibernate.type.ImageType@36211bbc
2022-11-11 00:52:02 - Adding type registration characters -> org.hibernate.type.CharArrayType@591be8aa
2022-11-11 00:52:02 - Adding type registration char[] -> org.hibernate.type.CharArrayType@591be8aa
2022-11-11 00:52:02 - Adding type registration [C -> org.hibernate.type.CharArrayType@591be8aa
2022-11-11 00:52:02 - Adding type registration wrapper-characters -> org.hibernate.type.CharacterArrayType@33751d49
2022-11-11 00:52:02 - Adding type registration [Ljava.lang.Character; -> org.hibernate.type.CharacterArrayType@33751d49
2022-11-11 00:52:02 - Adding type registration Character[] -> org.hibernate.type.CharacterArrayType@33751d49
2022-11-11 00:52:02 - Adding type registration text -> org.hibernate.type.TextType@3d4ecc67
2022-11-11 00:52:02 - Adding type registration ntext -> org.hibernate.type.NTextType@4b4927e5
2022-11-11 00:52:02 - Adding type registration blob -> org.hibernate.type.BlobType@63de4fa
2022-11-11 00:52:02 - Adding type registration java.sql.Blob -> org.hibernate.type.BlobType@63de4fa
2022-11-11 00:52:02 - Adding type registration materialized_blob -> org.hibernate.type.MaterializedBlobType@cfd5cd2
2022-11-11 00:52:02 - Adding type registration clob -> org.hibernate.type.ClobType@1152900
2022-11-11 00:52:02 - Adding type registration java.sql.Clob -> org.hibernate.type.ClobType@1152900
2022-11-11 00:52:02 - Adding type registration nclob -> org.hibernate.type.NClobType@2fca3eb5
2022-11-11 00:52:02 - Adding type registration java.sql.NClob -> org.hibernate.type.NClobType@2fca3eb5
2022-11-11 00:52:02 - Adding type registration materialized_clob -> org.hibernate.type.MaterializedClobType@7e747037
2022-11-11 00:52:02 - Adding type registration materialized_nclob -> org.hibernate.type.MaterializedNClobType@56da96b3
2022-11-11 00:52:02 - Adding type registration serializable -> org.hibernate.type.SerializableType@52d96367
2022-11-11 00:52:02 - Adding type registration object -> org.hibernate.type.ObjectType@22b82ddf
2022-11-11 00:52:02 - Adding type registration java.lang.Object -> org.hibernate.type.ObjectType@22b82ddf
2022-11-11 00:52:02 - Adding type registration imm_date -> org.hibernate.type.AdaptedImmutableType@2120bed
2022-11-11 00:52:02 - Adding type registration imm_time -> org.hibernate.type.AdaptedImmutableType@566fe83c
2022-11-11 00:52:02 - Adding type registration imm_timestamp -> org.hibernate.type.AdaptedImmutableType@743bb39a
2022-11-11 00:52:02 - Adding type registration imm_dbtimestamp -> org.hibernate.type.AdaptedImmutableType@2de3b052
2022-11-11 00:52:02 - Adding type registration imm_calendar -> org.hibernate.type.AdaptedImmutableType@3f3c8b60
2022-11-11 00:52:02 - Adding type registration imm_calendar_date -> org.hibernate.type.AdaptedImmutableType@16bbaab3
2022-11-11 00:52:02 - Adding type registration imm_binary -> org.hibernate.type.AdaptedImmutableType@3f357c9d
2022-11-11 00:52:02 - Adding type registration imm_serializable -> org.hibernate.type.AdaptedImmutableType@fe42a09
2022-11-11 00:52:02 - Initializing service [role=org.hibernate.boot.cfgxml.spi.CfgXmlAccessService]
2022-11-11 00:52:02 - Injecting JPA temp ClassLoader [org.springframework.instrument.classloading.SimpleThrowawayClassLoader@68fc9167] into BootstrapContext; was [null]
2022-11-11 00:52:02 - ClassLoaderAccessImpl#injectTempClassLoader(org.springframework.instrument.classloading.SimpleThrowawayClassLoader@68fc9167) [was null]
2022-11-11 00:52:02 - Injecting ScanEnvironment [org.hibernate.jpa.boot.internal.StandardJpaScanEnvironmentImpl@3a5e2525] into BootstrapContext; was [null]
2022-11-11 00:52:02 - Injecting ScanOptions [org.hibernate.boot.archive.scan.internal.StandardScanOptions@6546371] into BootstrapContext; was [org.hibernate.boot.archive.scan.internal.StandardScanOptions@2b458cd6]
2022-11-11 00:52:02 - Injecting JPA temp ClassLoader [null] into BootstrapContext; was [org.springframework.instrument.classloading.SimpleThrowawayClassLoader@68fc9167]
2022-11-11 00:52:02 - ClassLoaderAccessImpl#injectTempClassLoader(null) [was org.springframework.instrument.classloading.SimpleThrowawayClassLoader@68fc9167]
2022-11-11 00:52:02 - Initializing service [role=org.hibernate.id.factory.spi.MutableIdentifierGeneratorFactory]
2022-11-11 00:52:02 - Registering IdentifierGenerator strategy [uuid2] -> [org.hibernate.id.UUIDGenerator]
2022-11-11 00:52:02 - Registering IdentifierGenerator strategy [guid] -> [org.hibernate.id.GUIDGenerator]
2022-11-11 00:52:02 - Registering IdentifierGenerator strategy [uuid] -> [org.hibernate.id.UUIDHexGenerator]
2022-11-11 00:52:02 - Registering IdentifierGenerator strategy [uuid.hex] -> [org.hibernate.id.UUIDHexGenerator]
2022-11-11 00:52:02 - Registering IdentifierGenerator strategy [assigned] -> [org.hibernate.id.Assigned]
2022-11-11 00:52:02 - Registering IdentifierGenerator strategy [identity] -> [org.hibernate.id.IdentityGenerator]
2022-11-11 00:52:02 - Registering IdentifierGenerator strategy [select] -> [org.hibernate.id.SelectGenerator]
2022-11-11 00:52:02 - Registering IdentifierGenerator strategy [sequence] -> [org.hibernate.id.enhanced.SequenceStyleGenerator]
2022-11-11 00:52:02 - Registering IdentifierGenerator strategy [seqhilo] -> [org.hibernate.id.SequenceHiLoGenerator]
2022-11-11 00:52:02 - Registering IdentifierGenerator strategy [increment] -> [org.hibernate.id.IncrementGenerator]
2022-11-11 00:52:02 - Registering IdentifierGenerator strategy [foreign] -> [org.hibernate.id.ForeignGenerator]
2022-11-11 00:52:02 - Registering IdentifierGenerator strategy [sequence-identity] -> [org.hibernate.id.SequenceIdentityGenerator]
2022-11-11 00:52:02 - Registering IdentifierGenerator strategy [enhanced-sequence] -> [org.hibernate.id.enhanced.SequenceStyleGenerator]
2022-11-11 00:52:02 - Registering IdentifierGenerator strategy [enhanced-table] -> [org.hibernate.id.enhanced.TableGenerator]
2022-11-11 00:52:02 - Initializing service [role=org.hibernate.engine.jdbc.env.spi.JdbcEnvironment]
2022-11-11 00:52:02 - Initializing service [role=org.hibernate.engine.jdbc.dialect.spi.DialectFactory]
2022-11-11 00:52:02 - Initializing service [role=org.hibernate.engine.jdbc.dialect.spi.DialectResolver]
2022-11-11 00:52:02 - Initializing service [role=org.hibernate.engine.jdbc.connections.spi.ConnectionProvider]
2022-11-11 00:52:02 - Initializing service [role=org.hibernate.engine.jndi.spi.JndiService]
2022-11-11 00:52:02 - HikariFaqCP - Starting...
2022-11-11 00:52:02 - HikariFaqCP - Start completed.
2022-11-11 00:52:02 - Database ->
       name : PostgreSQL
    version : 15.0
      major : 15
      minor : 0
2022-11-11 00:52:02 - Driver ->
       name : PostgreSQL JDBC Driver
    version : 42.3.7
      major : 42
      minor : 3
2022-11-11 00:52:02 - JDBC version : 4.2
2022-11-11 00:52:02 - HHH000400: Using dialect: org.hibernate.dialect.PostgreSQLDialect
2022-11-11 00:52:02 - JDBC driver metadata reported database stores quoted identifiers in neither upper, lower nor mixed case
2022-11-11 00:52:02 - Normalizing identifier quoting [postgres]
2022-11-11 00:52:02 - Normalizing identifier quoting [null]
2022-11-11 00:52:02 - HHH000421: Disabling contextual LOB creation as hibernate.jdbc.lob.non_contextual_creation is true
2022-11-11 00:52:02 - Initializing service [role=org.hibernate.resource.beans.spi.ManagedBeanRegistry]
2022-11-11 00:52:02 - Initializing service [role=org.hibernate.engine.jdbc.spi.JdbcServices]
2022-11-11 00:52:02 - Adding type registration pg-uuid -> org.hibernate.type.PostgresUUIDType@42576db9
2022-11-11 00:52:02 - Adding type registration java.util.UUID -> org.hibernate.type.PostgresUUIDType@42576db9
2022-11-11 00:52:02 - HHH000270: Type registration [java.util.UUID] overrides previous : org.hibernate.type.UUIDBinaryType@1a7163e3
2022-11-11 00:52:02 - Scoping TypeConfiguration [org.hibernate.type.spi.TypeConfiguration@3eb9c575] to MetadataBuildingContext [org.hibernate.boot.internal.MetadataBuildingContextRootImpl@3f322610]
2022-11-11 00:52:02 - Created database namespace [logicalName=Name{catalog=null, schema=null}, physicalName=Name{catalog=null, schema=null}]
2022-11-11 00:52:02 - Initializing service [role=org.hibernate.boot.spi.SessionFactoryBuilderService]
2022-11-11 00:52:02 - Interpreting BatchFetchStyle from setting : null
2022-11-11 00:52:02 - Initializing service [role=org.hibernate.bytecode.spi.BytecodeProvider]
2022-11-11 00:52:02 - Building session factory
2022-11-11 00:52:02 - SessionFactory name : null
2022-11-11 00:52:02 - Automatic flush during beforeCompletion(): enabled
2022-11-11 00:52:02 - Automatic session close at end of transaction: disabled
2022-11-11 00:52:02 - Statistics: disabled
2022-11-11 00:52:02 - Deleted entity synthetic identifier rollback: disabled
2022-11-11 00:52:02 - Default entity-mode: pojo
2022-11-11 00:52:02 - Check Nullability in Core (should be disabled when Bean Validation is on): enabled
2022-11-11 00:52:02 - Allow initialization of lazy state outside session : disabled
2022-11-11 00:52:02 - Using BatchFetchStyle : LEGACY
2022-11-11 00:52:02 - Default batch fetch size: -1
2022-11-11 00:52:02 - Maximum outer join fetch depth: null
2022-11-11 00:52:02 - Default null ordering: NONE
2022-11-11 00:52:02 - Order SQL updates by primary key: disabled
2022-11-11 00:52:02 - Order SQL inserts for batching: disabled
2022-11-11 00:52:02 - multi-tenancy strategy : NONE
2022-11-11 00:52:02 - JTA Track by Thread: enabled
2022-11-11 00:52:02 - Query language substitutions: {}
2022-11-11 00:52:02 - Named query checking : enabled
2022-11-11 00:52:02 - Second-level cache: disabled
2022-11-11 00:52:02 - Second-level query cache: disabled
2022-11-11 00:52:02 - Second-level query cache factory: null
2022-11-11 00:52:02 - Second-level cache region prefix: null
2022-11-11 00:52:02 - Optimize second-level cache for minimal puts: disabled
2022-11-11 00:52:02 - Structured second-level cache entries: disabled
2022-11-11 00:52:02 - Second-level cache direct-reference entries: disabled
2022-11-11 00:52:02 - Automatic eviction of collection cache: disabled
2022-11-11 00:52:02 - JDBC batch size: 15
2022-11-11 00:52:02 - JDBC batch updates for versioned data: enabled
2022-11-11 00:52:02 - Scrollable result sets: enabled
2022-11-11 00:52:02 - Wrap result sets: disabled
2022-11-11 00:52:02 - JDBC3 getGeneratedKeys(): enabled
2022-11-11 00:52:02 - JDBC result set fetch size: 2000
2022-11-11 00:52:02 - Connection release mode: ON_CLOSE
2022-11-11 00:52:02 - Generate SQL with comments: enabled
2022-11-11 00:52:02 - JPA compliance - query : disabled
2022-11-11 00:52:02 - JPA compliance - closed-handling : disabled
2022-11-11 00:52:02 - JPA compliance - lists : disabled
2022-11-11 00:52:02 - JPA compliance - transactions : disabled
2022-11-11 00:52:02 - Initializing service [role=org.hibernate.service.spi.SessionFactoryServiceRegistryFactory]
2022-11-11 00:52:02 - EventListenerRegistry access via ServiceRegistry is deprecated.  Use `sessionFactory.getEventEngine().getListenerRegistry()` instead
2022-11-11 00:52:02 - EventListenerRegistry access via ServiceRegistry is deprecated.  Use `sessionFactory.getEventEngine().getListenerRegistry()` instead
2022-11-11 00:52:02 - Normalizing identifier quoting [msfaq]
2022-11-11 00:52:02 - Initializing service [role=org.hibernate.cache.spi.CacheImplementor]
2022-11-11 00:52:02 - Session factory constructed with filter configurations : {}
2022-11-11 00:52:02 - Instantiating session factory with properties: {awt.toolkit=sun.awt.windows.WToolkit, hibernate.format_sql=true, hibernate.id.new_generator_mappings=true, java.specification.version=11, sun.cpu.isalist=amd64, hibernate.resource.beans.container=org.springframework.orm.hibernate5.SpringBeanContainer@1b60d324, sun.jnu.encoding=Cp1252, hibernate.implicit_naming_strategy=org.springframework.boot.orm.jpa.hibernate.SpringImplicitNamingStrategy, hibernate.jdbc.lob.non_contextual_creation=true, LOG_PATH=logs/, sun.arch.data.model=64, java.vendor.url=https://aws.amazon.com/corretto/, catalina.useNaming=false, javax.persistence.validation.mode=AUTO, sun.boot.library.path=C:\Users\iselx\.jdks\corretto-11.0.15\bin, sun.java.command=com.encom.msfaq.MsFaqApplication, jdk.debug=release, spring.liveBeansView.mbeanDomain=, java.specification.vendor=Oracle Corporation, java.version.date=2022-04-19, java.home=C:\Users\iselx\.jdks\corretto-11.0.15, file.separator=\, java.vm.compressedOopsMode=Zero based, line.separator=
, hibernate.persistenceUnitName=default, java.specification.name=Java Platform API Specification, java.vm.specification.vendor=Oracle Corporation, hibernate.transaction.coordinator_class=class org.hibernate.resource.transaction.backend.jdbc.internal.JdbcResourceLocalTransactionCoordinatorBuilderImpl, hibernate.hbm2ddl.auto=update, user.script=, sun.management.compiler=HotSpot 64-Bit Tiered Compilers, java.runtime.version=11.0.15+9-LTS, user.name=iselx, file.encoding=UTF-8, FILE_LOG_PATTERN=%d{yyyy-MM-dd HH:mm:ss} - %msg%n, java.vendor.version=Corretto-11.0.15.9.1, java.io.tmpdir=C:\Users\iselx\AppData\Local\Temp\, java.version=11.0.15, java.vm.specification.name=Java Virtual Machine Specification, PID=3408, java.awt.printerjob=sun.awt.windows.WPrinterJob, javax.persistence.schema-generation.database.action=create, sun.os.patch.level=, CONSOLE_LOG_CHARSET=UTF-8, java.library.path=C:\Users\iselx\.jdks\corretto-11.0.15\bin;C:\Windows\Sun\Java\bin;C:\Windows\system32;C:\Windows;C:\Program Files\Common Files\Oracle\Java\javapath;C:\Windows\system32;C:\Windows;C:\Windows\System32\Wbem;C:\Windows\System32\WindowsPowerShell\v1.0\;C:\Windows\System32\OpenSSH\;C:\Program Files (x86)\NVIDIA Corporation\PhysX\Common;C:\Program Files\NVIDIA Corporation\NVIDIA NvDLISR;D:\nodejs\;D:\Program Files\Git\cmd;C:\Program Files\Microsoft SQL Server\150\Tools\Binn\;C:\Program Files\Microsoft SQL Server\Client SDK\ODBC\170\Tools\Binn\;C:\Program Files\dotnet\;C:\Program Files\Docker\Docker\resources\bin;C:\ProgramData\DockerDesktop\version-bin;C:\Program Files\MySQL\MySQL Shell 8.0\bin\;C:\Users\iselx\AppData\Local\Microsoft\WindowsApps;C:\Users\iselx\AppData\Roaming\npm;D:\Users\iselx\AppData\Local\Programs\Microsoft VS Code\bin;C:\Users\iselx\.dotnet\tools;D:\JetBrains\DataGrip 2022.1.5\bin;;D:\Program Files (x86)\Nmap;., java.vendor=Amazon.com Inc., hibernate.hbm2dll.create_namespaces=true, java.rmi.server.randomIDs=true, sun.io.unicode.encoding=UnicodeLittle, hibernate.archive.scanner=org.hibernate.boot.archive.scan.internal.DisabledScanner, hibernate.ddl-auto=create, sun.desktop=windows, hibernate.connection.handling_mode=DELAYED_ACQUISITION_AND_HOLD, hibernate.dialect=org.hibernate.dialect.PostgreSQLDialect, java.class.path=D:\Projects\apollo\ms-faq\build\classes\java\main;D:\Projects\apollo\ms-faq\build\resources\main;C:\Users\iselx\.gradle\caches\modules-2\files-2.1\org.projectlombok\lombok\1.18.24\13a394eed5c4f9efb2a6d956e2086f1d81e857d9\lombok-1.18.24.jar;C:\Users\iselx\.gradle\caches\modules-2\files-2.1\org.mapstruct\mapstruct-processor\1.5.3.Final\dce418bedafd71ff8dd2cef15006c0fee788b073\mapstruct-processor-1.5.3.Final.jar;C:\Users\iselx\.gradle\caches\modules-2\files-2.1\org.springframework.boot\spring-boot-starter-web\2.7.5\bb4099d0466a62c3b11ab9323babca13bb430a2e\spring-boot-starter-web-2.7.5.jar;C:\Users\iselx\.gradle\caches\modules-2\files-2.1\org.springframework.boot\spring-boot-starter-data-jpa\2.7.5\b83184467079d5b808fb2f9fbc858b1804975808\spring-boot-starter-data-jpa-2.7.5.jar;C:\Users\iselx\.gradle\caches\modules-2\files-2.1\org.mapstruct\mapstruct\1.5.3.Final\5f5d063858957ef086858bc3d003f702082297f3\mapstruct-1.5.3.Final.jar;C:\Users\iselx\.gradle\caches\modules-2\files-2.1\org.springframework.boot\spring-boot-starter-actuator\2.7.5\857f233cf5c75b2043b0b7d8d5904b4efcb3670c\spring-boot-starter-actuator-2.7.5.jar;C:\Users\iselx\.gradle\caches\modules-2\files-2.1\org.springdoc\springdoc-openapi-ui\1.6.12\1fb4811c879230349704edc7587ae7a280ef4b81\springdoc-openapi-ui-1.6.12.jar;C:\Users\iselx\.gradle\caches\modules-2\files-2.1\org.springframework.boot\spring-boot-starter-json\2.7.5\9c7df04ff37b2e7471632ddeb4a296c5fb6bddee\spring-boot-starter-json-2.7.5.jar;C:\Users\iselx\.gradle\caches\modules-2\files-2.1\org.springframework.boot\spring-boot-starter\2.7.5\c28e1546461803490588085345ba5d2897d232bc\spring-boot-starter-2.7.5.jar;C:\Users\iselx\.gradle\caches\modules-2\files-2.1\org.springframework.boot\spring-boot-starter-tomcat\2.7.5\eb7849c52953de44d9712adf45398ccb1a7d4295\spring-boot-starter-tomcat-2.7.5.jar;C:\Users\iselx\.gradle\caches\modules-2\files-2.1\org.springframework\spring-webmvc\5.3.23\b163527c275b0374371890c0b76c2a2a09f9804b\spring-webmvc-5.3.23.jar;C:\Users\iselx\.gradle\caches\modules-2\files-2.1\org.springframework\spring-web\5.3.23\193f5276092d9cbe3222c63885b47ca7b2cce97\spring-web-5.3.23.jar;C:\Users\iselx\.gradle\caches\modules-2\files-2.1\org.springframework.boot\spring-boot-starter-aop\2.7.5\ea4b85395faaa3a382f2a582e4bf023d088d320e\spring-boot-starter-aop-2.7.5.jar;C:\Users\iselx\.gradle\caches\modules-2\files-2.1\org.springframework.boot\spring-boot-starter-jdbc\2.7.5\b57c3f8fb2fe235a8ff368755092371423bbc5b3\spring-boot-starter-jdbc-2.7.5.jar;C:\Users\iselx\.gradle\caches\modules-2\files-2.1\jakarta.transaction\jakarta.transaction-api\1.3.3\c4179d48720a1e87202115fbed6089bdc4195405\jakarta.transaction-api-1.3.3.jar;C:\Users\iselx\.gradle\caches\modules-2\files-2.1\jakarta.persistence\jakarta.persistence-api\2.2.3\8f6ea5daedc614f07a3654a455660145286f024e\jakarta.persistence-api-2.2.3.jar;C:\Users\iselx\.gradle\caches\modules-2\files-2.1\org.hibernate\hibernate-core\5.6.12.Final\66720fe38bdb9515924d559b8aac7b522d7ae171\hibernate-core-5.6.12.Final.jar;C:\Users\iselx\.gradle\caches\modules-2\files-2.1\org.springframework.data\spring-data-jpa\2.7.5\dc0bb497a33fcd3f82fe0ccfd674476d93889b3d\spring-data-jpa-2.7.5.jar;C:\Users\iselx\.gradle\caches\modules-2\files-2.1\org.springframework\spring-aspects\5.3.23\35a0f5df4241f794fd79dd2447195ac055e88b8e\spring-aspects-5.3.23.jar;C:\Users\iselx\.gradle\caches\modules-2\files-2.1\org.springframework.boot\spring-boot-actuator-autoconfigure\2.7.5\ca92083d309c8239d1844683eb8c7241649c4adb\spring-boot-actuator-autoconfigure-2.7.5.jar;C:\Users\iselx\.gradle\caches\modules-2\files-2.1\io.micrometer\micrometer-core\1.9.5\927ffd91d36d5c743e2a67d3c8cb320790ee1e34\micrometer-core-1.9.5.jar;C:\Users\iselx\.gradle\caches\modules-2\files-2.1\org.springdoc\springdoc-openapi-webmvc-core\1.6.12\a7dbe967e0b3a5ffb3213f80d4ec61a51363c6f6\springdoc-openapi-webmvc-core-1.6.12.jar;C:\Users\iselx\.gradle\caches\modules-2\files-2.1\org.webjars\swagger-ui\4.14.3\a7769f120122c1411cb97a0cd0595d0807992620\swagger-ui-4.14.3.jar;C:\Users\iselx\.gradle\caches\modules-2\files-2.1\org.webjars\webjars-locator-core\0.50\d1ae68f5fea4f8e36e1d9adfd1ac02463c43894a\webjars-locator-core-0.50.jar;C:\Users\iselx\.gradle\caches\modules-2\files-2.1\io.github.classgraph\classgraph\4.8.149\4bc2f188bc9001473d4a26ac488c2ae1a3e906de\classgraph-4.8.149.jar;C:\Users\iselx\.gradle\caches\modules-2\files-2.1\com.fasterxml.jackson.datatype\jackson-datatype-jdk8\2.13.4\557dbba5d8dfc7b7f944c58fe084109afcb5670b\jackson-datatype-jdk8-2.13.4.jar;C:\Users\iselx\.gradle\caches\modules-2\files-2.1\com.fasterxml.jackson.datatype\jackson-datatype-jsr310\2.13.4\e6d820112871f33cd94a1dcc54eef58874753b5\jackson-datatype-jsr310-2.13.4.jar;C:\Users\iselx\.gradle\caches\modules-2\files-2.1\com.fasterxml.jackson.module\jackson-module-parameter-names\2.13.4\858ccf6624b5fac6044813e845063edb6a62cf37\jackson-module-parameter-names-2.13.4.jar;C:\Users\iselx\.gradle\caches\modules-2\files-2.1\com.fasterxml.jackson.core\jackson-databind\2.13.4.2\325c06bdfeb628cfb80ebaaf1a26cc1eb558a585\jackson-databind-2.13.4.2.jar;C:\Users\iselx\.gradle\caches\modules-2\files-2.1\org.springframework.boot\spring-boot-autoconfigure\2.7.5\96646e63a2296d0a3209383e81cdb8c87ab2f913\spring-boot-autoconfigure-2.7.5.jar;C:\Users\iselx\.gradle\caches\modules-2\files-2.1\org.springframework.boot\spring-boot\2.7.5\fd04e228e6e21b7ad13c10ae29afd31868d842e5\spring-boot-2.7.5.jar;C:\Users\iselx\.gradle\caches\modules-2\files-2.1\org.springframework.boot\spring-boot-starter-logging\2.7.5\61f4c53e35baa31a269bbeb7bb9d5e781448feef\spring-boot-starter-logging-2.7.5.jar;C:\Users\iselx\.gradle\caches\modules-2\files-2.1\jakarta.annotation\jakarta.annotation-api\1.3.5\59eb84ee0d616332ff44aba065f3888cf002cd2d\jakarta.annotation-api-1.3.5.jar;C:\Users\iselx\.gradle\caches\modules-2\files-2.1\org.springframework\spring-core\5.3.23\91407dc1106ea423c44150f3da1a0b4f8e25e5ca\spring-core-5.3.23.jar;C:\Users\iselx\.gradle\caches\modules-2\files-2.1\org.yaml\snakeyaml\1.30\8fde7fe2586328ac3c68db92045e1c8759125000\snakeyaml-1.30.jar;C:\Users\iselx\.gradle\caches\modules-2\files-2.1\org.apache.tomcat.embed\tomcat-embed-websocket\9.0.68\15fc94001bb916a808631422a6488a678496ef94\tomcat-embed-websocket-9.0.68.jar;C:\Users\iselx\.gradle\caches\modules-2\files-2.1\org.apache.tomcat.embed\tomcat-embed-core\9.0.68\caafeb87d6ff30adda888049c9b81591c7cc20d1\tomcat-embed-core-9.0.68.jar;C:\Users\iselx\.gradle\caches\modules-2\files-2.1\org.apache.tomcat.embed\tomcat-embed-el\9.0.68\296afe7483256960d7ebdd8dcb4b49775d7cb85f\tomcat-embed-el-9.0.68.jar;C:\Users\iselx\.gradle\caches\modules-2\files-2.1\org.springframework\spring-context\5.3.23\530b36b2ce2c9e471c6a260c3f181bcd20325a58\spring-context-5.3.23.jar;C:\Users\iselx\.gradle\caches\modules-2\files-2.1\org.springframework\spring-aop\5.3.23\30d0034ba29178e98781d85f51a7eb709a628e9b\spring-aop-5.3.23.jar;C:\Users\iselx\.gradle\caches\modules-2\files-2.1\org.springframework\spring-beans\5.3.23\3bdefbf6042ed742cbe16f27d2d14cca9096a606\spring-beans-5.3.23.jar;C:\Users\iselx\.gradle\caches\modules-2\files-2.1\org.springframework\spring-expression\5.3.23\3a676bf4b9bc42bd37ab5ad264acb6ceb63397a2\spring-expression-5.3.23.jar;C:\Users\iselx\.gradle\caches\modules-2\files-2.1\org.aspectj\aspectjweaver\1.9.7\158f5c255cd3e4408e795b79f7c3fbae9b53b7ca\aspectjweaver-1.9.7.jar;C:\Users\iselx\.gradle\caches\modules-2\files-2.1\org.springframework\spring-jdbc\5.3.23\c859919a644942822e49cb7f2404b2c4d3cba040\spring-jdbc-5.3.23.jar;C:\Users\iselx\.gradle\caches\modules-2\files-2.1\com.zaxxer\HikariCP\4.0.3\107cbdf0db6780a065f895ae9d8fbf3bb0e1c21f\HikariCP-4.0.3.jar;C:\Users\iselx\.gradle\caches\modules-2\files-2.1\org.hibernate.common\hibernate-commons-annotations\5.1.2.Final\e59ffdbc6ad09eeb33507b39ffcf287679a498c8\hibernate-commons-annotations-5.1.2.Final.jar;C:\Users\iselx\.gradle\caches\modules-2\files-2.1\org.jboss.logging\jboss-logging\3.4.3.Final\c4bd7e12a745c0e7f6cf98c45cdcdf482fd827ea\jboss-logging-3.4.3.Final.jar;C:\Users\iselx\.gradle\caches\modules-2\files-2.1\net.bytebuddy\byte-buddy\1.12.18\875a9c3f29d2f6f499dfd60d76e97a343f9b1233\byte-buddy-1.12.18.jar;C:\Users\iselx\.gradle\caches\modules-2\files-2.1\antlr\antlr\2.7.7\83cd2cd674a217ade95a4bb83a8a14f351f48bd0\antlr-2.7.7.jar;C:\Users\iselx\.gradle\caches\modules-2\files-2.1\org.jboss\jandex\2.4.2.Final\1e1c385990b258ff1a24c801e84aebbacf70eb39\jandex-2.4.2.Final.jar;C:\Users\iselx\.gradle\caches\modules-2\files-2.1\com.fasterxml\classmate\1.5.1\3fe0bed568c62df5e89f4f174c101eab25345b6c\classmate-1.5.1.jar;C:\Users\iselx\.gradle\caches\modules-2\files-2.1\org.glassfish.jaxb\jaxb-runtime\2.3.7\ebcde6a44159eb9e3db721dfe6b45f26e6272341\jaxb-runtime-2.3.7.jar;C:\Users\iselx\.gradle\caches\modules-2\files-2.1\org.springframework\spring-orm\5.3.23\7d023546cde0f1b2b8d289c690679f740394298b\spring-orm-5.3.23.jar;C:\Users\iselx\.gradle\caches\modules-2\files-2.1\org.springframework.data\spring-data-commons\2.7.5\314b3faf010d9a5bf5a7cf12914e721ad0257f4\spring-data-commons-2.7.5.jar;C:\Users\iselx\.gradle\caches\modules-2\files-2.1\org.springframework\spring-tx\5.3.23\ab313b4028c62e18fe02defdd5050af704778428\spring-tx-5.3.23.jar;C:\Users\iselx\.gradle\caches\modules-2\files-2.1\org.slf4j\slf4j-api\1.7.36\6c62681a2f655b49963a5983b8b0950a6120ae14\slf4j-api-1.7.36.jar;C:\Users\iselx\.gradle\caches\modules-2\files-2.1\org.springframework.boot\spring-boot-actuator\2.7.5\2b49347939859a93b7ca0f192a3f92bc92c7e029\spring-boot-actuator-2.7.5.jar;C:\Users\iselx\.gradle\caches\modules-2\files-2.1\org.hdrhistogram\HdrHistogram\2.1.12\6eb7552156e0d517ae80cc2247be1427c8d90452\HdrHistogram-2.1.12.jar;C:\Users\iselx\.gradle\caches\modules-2\files-2.1\org.springdoc\springdoc-openapi-common\1.6.12\db0ef2050b3303f85da1d5ee158f5bbd8e97706e\springdoc-openapi-common-1.6.12.jar;C:\Users\iselx\.gradle\caches\modules-2\files-2.1\com.fasterxml.jackson.core\jackson-core\2.13.4\cf934c681294b97ef6d80082faeefbe1edadf56\jackson-core-2.13.4.jar;C:\Users\iselx\.gradle\caches\modules-2\files-2.1\com.fasterxml.jackson.core\jackson-annotations\2.13.4\858c6cc78e1f08a885b1613e1d817c829df70a6e\jackson-annotations-2.13.4.jar;C:\Users\iselx\.gradle\caches\modules-2\files-2.1\ch.qos.logback\logback-classic\1.2.11\4741689214e9d1e8408b206506cbe76d1c6a7d60\logback-classic-1.2.11.jar;C:\Users\iselx\.gradle\caches\modules-2\files-2.1\org.apache.logging.log4j\log4j-to-slf4j\2.17.2\17dd0fae2747d9a28c67bc9534108823d2376b46\log4j-to-slf4j-2.17.2.jar;C:\Users\iselx\.gradle\caches\modules-2\files-2.1\org.slf4j\jul-to-slf4j\1.7.36\ed46d81cef9c412a88caef405b58f93a678ff2ca\jul-to-slf4j-1.7.36.jar;C:\Users\iselx\.gradle\caches\modules-2\files-2.1\org.springframework\spring-jcl\5.3.23\3c7eb5fcca67b611065f73ff4325e398f8b051a3\spring-jcl-5.3.23.jar;C:\Users\iselx\.gradle\caches\modules-2\files-2.1\jakarta.xml.bind\jakarta.xml.bind-api\2.3.3\48e3b9cfc10752fba3521d6511f4165bea951801\jakarta.xml.bind-api-2.3.3.jar;C:\Users\iselx\.gradle\caches\modules-2\files-2.1\org.glassfish.jaxb\txw2\2.3.7\55cddcac1945150e09b09b0f89d86799652eee82\txw2-2.3.7.jar;C:\Users\iselx\.gradle\caches\modules-2\files-2.1\com.sun.istack\istack-commons-runtime\3.0.12\cbbe1a62b0cc6c85972e99d52aaee350153dc530\istack-commons-runtime-3.0.12.jar;C:\Users\iselx\.gradle\caches\modules-2\files-2.1\io.swagger.core.v3\swagger-core\2.2.4\e4a3eaf29011a5928f02efbc52cfa3a9c3d8320c\swagger-core-2.2.4.jar;C:\Users\iselx\.gradle\caches\modules-2\files-2.1\ch.qos.logback\logback-core\1.2.11\a01230df5ca5c34540cdaa3ad5efb012f1f1f792\logback-core-1.2.11.jar;C:\Users\iselx\.gradle\caches\modules-2\files-2.1\org.apache.logging.log4j\log4j-api\2.17.2\f42d6afa111b4dec5d2aea0fe2197240749a4ea6\log4j-api-2.17.2.jar;C:\Users\iselx\.gradle\caches\modules-2\files-2.1\io.swagger.core.v3\swagger-models\2.2.4\11a7ca8255efe1a0eac0b00990acf89b78d3b23a\swagger-models-2.2.4.jar;C:\Users\iselx\.gradle\caches\modules-2\files-2.1\com.fasterxml.jackson.dataformat\jackson-dataformat-yaml\2.13.4\3142ec201e878372d1561e64bd1a947d9e88a03d\jackson-dataformat-yaml-2.13.4.jar;C:\Users\iselx\.gradle\caches\modules-2\files-2.1\org.apache.commons\commons-lang3\3.12.0\c6842c86792ff03b9f1d1fe2aab8dc23aa6c6f0e\commons-lang3-3.12.0.jar;C:\Users\iselx\.gradle\caches\modules-2\files-2.1\io.swagger.core.v3\swagger-annotations\2.2.4\28cf754edbe091e47b951fd5f96a247cc8adce87\swagger-annotations-2.2.4.jar;C:\Users\iselx\.gradle\caches\modules-2\files-2.1\jakarta.validation\jakarta.validation-api\2.0.2\5eacc6522521f7eacb081f95cee1e231648461e7\jakarta.validation-api-2.0.2.jar;C:\Users\iselx\.gradle\caches\modules-2\files-2.1\org.postgresql\postgresql\42.3.7\1b4a36e733974ac465aa9dc972236a32ce75bb25\postgresql-42.3.7.jar;C:\Users\iselx\.gradle\caches\modules-2\files-2.1\org.checkerframework\checker-qual\3.5.0\2f50520c8abea66fbd8d26e481d3aef5c673b510\checker-qual-3.5.0.jar;C:\Users\iselx\.gradle\caches\modules-2\files-2.1\org.latencyutils\LatencyUtils\2.0.3\769c0b82cb2421c8256300e907298a9410a2a3d3\LatencyUtils-2.0.3.jar;C:\Users\iselx\.gradle\caches\modules-2\files-2.1\com.sun.activation\jakarta.activation\1.2.2\74548703f9851017ce2f556066659438019e7eb5\jakarta.activation-1.2.2.jar, java.vm.vendor=Amazon.com Inc., user.variant=, user.timezone=Asia/Baku, jakarta.persistence.sharedCache.mode=UNSPECIFIED, os.name=Windows 11, java.vm.specification.version=11, hibernate.generate_statistics=false, jakarta.persistence.nonJtaDataSource=HikariDataSource (HikariFaqCP), sun.java.launcher=SUN_STANDARD, user.country=US, spring.application.admin.enabled=true, javax.persistence.nonJtaDataSource=HikariDataSource (HikariFaqCP), hibernate.use_sql_comments=true, hibernate.transaction.jta.platform=org.hibernate.engine.transaction.jta.platform.internal.NoJtaPlatform@182e4365, com.sun.management.jmxremote=, javax.persistence.sharedCache.mode=UNSPECIFIED, sun.cpu.endian=little, user.home=C:\Users\iselx, user.language=en, hibernate.jdbc.fetch_size=2000, spring.output.ansi.enabled=always, FILE_LOG_CHARSET=UTF-8, java.awt.graphicsenv=sun.awt.Win32GraphicsEnvironment, java.awt.headless=true, jakarta.persistence.validation.mode=AUTO, spring.jmx.enabled=true, path.separator=;, os.version=10.0, java.runtime.name=OpenJDK Runtime Environment, hibernate.ejb.persistenceUnitName=default, spring.beaninfo.ignore=true, java.vm.name=OpenJDK 64-Bit Server VM, hibernate.show_sql=true, LOG_FILE=logs\spring.log, java.vendor.url.bug=https://github.com/corretto/corretto-11/issues/, catalina.home=C:\Users\iselx\AppData\Local\Temp\tomcat.8080.16784584158949452253, hibernate.physical_naming_strategy=org.hibernate.boot.model.naming.CamelCaseToUnderscoresNamingStrategy, user.dir=D:\Projects\apollo, os.arch=amd64, hibernate.default_schema=msfaq, javax.persistence.create-database-schemas=true, catalina.base=C:\Users\iselx\AppData\Local\Temp\tomcat.8080.16784584158949452253, hibernate.boot.CfgXmlAccessService.key=org.hibernate.boot.registry.StandardServiceRegistryBuilder$1@789dd6bf, java.vm.info=mixed mode, java.vm.version=11.0.15+9-LTS, hibernate.bytecode.use_reflection_optimizer=false, hibernate.connection.datasource=HikariDataSource (HikariFaqCP), java.class.version=55.0}
2022-11-11 00:52:02 - Initializing service [role=org.hibernate.engine.query.spi.NativeQueryInterpreter]
2022-11-11 00:52:02 - Unable to acquire Bean Validation ValidatorFactory, skipping activation
2022-11-11 00:52:02 - Skipping JACC integration as it was not enabled
2022-11-11 00:52:02 - Instantiated session factory
2022-11-11 00:52:02 - Scoping TypeConfiguration [org.hibernate.type.spi.TypeConfiguration@3eb9c575] to SessionFactoryImpl [org.hibernate.internal.SessionFactoryImpl@57f2e67]
2022-11-11 00:52:02 - Initializing service [role=org.hibernate.persister.spi.PersisterFactory]
2022-11-11 00:52:02 - Wrapping up metadata context...
2022-11-11 00:52:02 - Initializing service [role=org.hibernate.tool.schema.spi.SchemaManagementTool]
2022-11-11 00:52:02 - Initializing service [role=org.hibernate.resource.transaction.spi.TransactionCoordinatorBuilder]
2022-11-11 00:52:02 - Initializing service [role=org.hibernate.tool.hbm2ddl.ImportSqlCommandExtractor]
2022-11-11 00:52:02 - HHH000504: Multiple configuration properties defined to create schema. Choose at most one among 'javax.persistence.create-database-schemas', 'hibernate.hbm2ddl.create_namespaces', 'hibernate.hbm2dll.create_namespaces' (this last being deprecated).
2022-11-11 00:52:02 - Normalizing identifier quoting [msfaq]
2022-11-11 00:52:02 - create schema msfaq
2022-11-11 00:52:02 - Initializing service [role=org.hibernate.engine.transaction.jta.platform.spi.JtaPlatform]
2022-11-11 00:52:02 - HHH000490: Using JtaPlatform implementation: [org.hibernate.engine.transaction.jta.platform.internal.NoJtaPlatform]
2022-11-11 00:52:02 - Checking 0 named HQL queries
2022-11-11 00:52:02 - Checking 0 named SQL queries
2022-11-11 00:52:02 - EventListenerRegistry access via ServiceRegistry is deprecated.  Use `sessionFactory.getEventEngine().getListenerRegistry()` instead
2022-11-11 00:52:02 - Handling #sessionFactoryCreated from [org.hibernate.internal.SessionFactoryImpl@57f2e67] for TypeConfiguration
2022-11-11 00:52:02 - Initializing SessionFactoryRegistry : org.hibernate.internal.SessionFactoryRegistry@5d3b6585
2022-11-11 00:52:02 - Registering SessionFactory: 666bcca1-650e-4f26-bf05-9b0f3553ec0a (<unnamed>)
2022-11-11 00:52:02 - Not binding SessionFactory to JNDI, no JNDI name configured
2022-11-11 00:52:02 - Initialized JPA EntityManagerFactory for persistence unit 'default'
2022-11-11 00:52:02 - spring.jpa.open-in-view is enabled by default. Therefore, database queries may be performed during view rendering. Explicitly configure spring.jpa.open-in-view to disable this warning
2022-11-11 00:52:03 - Exposing 1 endpoint(s) beneath base path '/actuator'
2022-11-11 00:52:03 - Tomcat started on port(s): 8080 (http) with context path ''
2022-11-11 00:52:03 - Started MsFaqApplication in 3.221 seconds (JVM running for 4.152)
2022-11-11 00:52:03 - Initializing Spring DispatcherServlet 'dispatcherServlet'
2022-11-11 00:52:03 - Initializing Servlet 'dispatcherServlet'
2022-11-11 00:52:03 - Completed initialization in 1 ms
2022-11-11 00:52:19 - Closing JPA EntityManagerFactory for persistence unit 'default'
2022-11-11 00:52:19 - HHH000031: Closing
2022-11-11 00:52:19 - Cleaning QueryPlan Cache
2022-11-11 00:52:19 - Handling #sessionFactoryClosed from [org.hibernate.internal.SessionFactoryImpl@57f2e67] for TypeConfiguration
2022-11-11 00:52:19 - Un-scoping TypeConfiguration [org.hibernate.type.spi.TypeConfiguration$Scope@2757be23] from SessionFactory [org.hibernate.internal.SessionFactoryImpl@57f2e67]
2022-11-11 00:52:19 - Implicitly destroying ServiceRegistry on de-registration of all child ServiceRegistries
2022-11-11 00:52:19 - Implicitly destroying Boot-strap registry on de-registration of all child ServiceRegistries
2022-11-11 00:52:19 - HikariFaqCP - Shutdown initiated...
2022-11-11 00:52:19 - HikariFaqCP - Shutdown completed.
